0 info it worked if it ends with ok
1 verbose cli [ 'node', '/usr/local/bin/npm', 'install', 'stylus', '-g' ]
2 info using npm@1.4.14
3 info using node@v0.10.29
4 verbose cache add [ 'stylus', null ]
5 verbose cache add name=undefined spec="stylus" args=["stylus",null]
6 verbose parsed url { protocol: null,
6 verbose parsed url   slashes: null,
6 verbose parsed url   auth: null,
6 verbose parsed url   host: null,
6 verbose parsed url   port: null,
6 verbose parsed url   hostname: null,
6 verbose parsed url   hash: null,
6 verbose parsed url   search: null,
6 verbose parsed url   query: null,
6 verbose parsed url   pathname: 'stylus',
6 verbose parsed url   path: 'stylus',
6 verbose parsed url   href: 'stylus' }
7 silly lockFile 27c0f414-stylus stylus
8 verbose lock stylus /Users/robertlum/.npm/27c0f414-stylus.lock
9 silly lockFile 27c0f414-stylus stylus
10 silly lockFile 27c0f414-stylus stylus
11 verbose addNamed [ 'stylus', '' ]
12 verbose addNamed [ null, '*' ]
13 silly lockFile 5140332e-stylus stylus@
14 verbose lock stylus@ /Users/robertlum/.npm/5140332e-stylus.lock
15 silly addNameRange { name: 'stylus', range: '*', hasData: false }
16 verbose url raw stylus
17 verbose url resolving [ 'https://registry.npmjs.org/', './stylus' ]
18 verbose url resolved https://registry.npmjs.org/stylus
19 info trying registry request attempt 1 at 20:01:33
20 verbose etag "33Y6HP7YOS5MYESFJ2CJFL5N2"
21 http GET https://registry.npmjs.org/stylus
22 http 200 https://registry.npmjs.org/stylus
23 silly registry.get cb [ 200,
23 silly registry.get   { date: 'Tue, 24 Jun 2014 00:01:19 GMT',
23 silly registry.get     server: 'CouchDB/1.5.0 (Erlang OTP/R16B03)',
23 silly registry.get     etag: '"6B8OCYXJMK6YN50LUO722R81O"',
23 silly registry.get     'content-type': 'application/json',
23 silly registry.get     'cache-control': 'max-age=30',
23 silly registry.get     'content-length': '162562',
23 silly registry.get     'accept-ranges': 'bytes',
23 silly registry.get     via: '1.1 varnish',
23 silly registry.get     age: '0',
23 silly registry.get     'x-served-by': 'cache-at51-ATL',
23 silly registry.get     'x-cache': 'MISS',
23 silly registry.get     'x-cache-hits': '0',
23 silly registry.get     'x-timer': 'S1403568079.644784,VS0,VE203',
23 silly registry.get     vary: 'Accept',
23 silly registry.get     'keep-alive': 'timeout=10, max=50',
23 silly registry.get     connection: 'Keep-Alive' } ]
24 silly addNameRange number 2 { name: 'stylus', range: '*', hasData: true }
25 silly addNameRange versions [ 'stylus',
25 silly addNameRange   [ '0.0.1',
25 silly addNameRange     '0.0.2',
25 silly addNameRange     '0.1.0',
25 silly addNameRange     '0.2.0',
25 silly addNameRange     '0.2.1',
25 silly addNameRange     '0.3.0',
25 silly addNameRange     '0.3.1',
25 silly addNameRange     '0.4.0',
25 silly addNameRange     '0.4.1',
25 silly addNameRange     '0.5.0',
25 silly addNameRange     '0.5.1',
25 silly addNameRange     '0.5.2',
25 silly addNameRange     '0.5.3',
25 silly addNameRange     '0.6.0',
25 silly addNameRange     '0.6.2',
25 silly addNameRange     '0.6.3',
25 silly addNameRange     '0.6.4',
25 silly addNameRange     '0.6.5',
25 silly addNameRange     '0.6.6',
25 silly addNameRange     '0.6.7',
25 silly addNameRange     '0.7.0',
25 silly addNameRange     '0.7.1',
25 silly addNameRange     '0.7.2',
25 silly addNameRange     '0.7.3',
25 silly addNameRange     '0.7.4',
25 silly addNameRange     '0.8.0',
25 silly addNameRange     '0.9.0',
25 silly addNameRange     '0.9.1',
25 silly addNameRange     '0.9.2',
25 silly addNameRange     '0.10.0',
25 silly addNameRange     '0.11.0',
25 silly addNameRange     '0.11.1',
25 silly addNameRange     '0.11.2',
25 silly addNameRange     '0.11.3',
25 silly addNameRange     '0.11.4',
25 silly addNameRange     '0.11.5',
25 silly addNameRange     '0.11.6',
25 silly addNameRange     '0.11.7',
25 silly addNameRange     '0.11.8',
25 silly addNameRange     '0.11.9',
25 silly addNameRange     '0.11.10',
25 silly addNameRange     '0.11.11',
25 silly addNameRange     '0.11.12',
25 silly addNameRange     '0.12.0',
25 silly addNameRange     '0.12.1',
25 silly addNameRange     '0.12.2',
25 silly addNameRange     '0.12.3',
25 silly addNameRange     '0.12.4',
25 silly addNameRange     '0.13.0',
25 silly addNameRange     '0.13.1',
25 silly addNameRange     '0.13.2',
25 silly addNameRange     '0.13.3',
25 silly addNameRange     '0.13.4',
25 silly addNameRange     '0.13.5',
25 silly addNameRange     '0.13.6',
25 silly addNameRange     '0.13.7',
25 silly addNameRange     '0.13.8',
25 silly addNameRange     '0.13.9',
25 silly addNameRange     '0.14.0',
25 silly addNameRange     '0.15.0',
25 silly addNameRange     '0.15.1',
25 silly addNameRange     '0.15.2',
25 silly addNameRange     '0.15.3',
25 silly addNameRange     '0.15.4',
25 silly addNameRange     '0.16.0',
25 silly addNameRange     '0.17.0',
25 silly addNameRange     '0.18.0',
25 silly addNameRange     '0.19.0',
25 silly addNameRange     '0.19.1',
25 silly addNameRange     '0.19.2',
25 silly addNameRange     '0.19.3',
25 silly addNameRange     '0.19.4',
25 silly addNameRange     '0.19.5',
25 silly addNameRange     '0.19.6',
25 silly addNameRange     '0.19.7',
25 silly addNameRange     '0.19.8',
25 silly addNameRange     '0.20.0',
25 silly addNameRange     '0.20.1',
25 silly addNameRange     '0.21.0',
25 silly addNameRange     '0.21.1',
25 silly addNameRange     '0.21.2',
25 silly addNameRange     '0.22.0',
25 silly addNameRange     '0.22.1',
25 silly addNameRange     '0.22.2',
25 silly addNameRange     '0.22.3',
25 silly addNameRange     '0.22.4',
25 silly addNameRange     '0.22.5',
25 silly addNameRange     '0.22.6',
25 silly addNameRange     '0.23.0',
25 silly addNameRange     '0.24.0',
25 silly addNameRange     '0.25.0',
25 silly addNameRange     '0.26.0',
25 silly addNameRange     '0.26.1',
25 silly addNameRange     '0.27.0',
25 silly addNameRange     '0.27.1',
25 silly addNameRange     '0.27.2',
25 silly addNameRange     '0.28.0',
25 silly addNameRange     '0.28.1',
25 silly addNameRange     '0.28.2',
25 silly addNameRange     '0.29.0',
25 silly addNameRange     '0.30.0',
25 silly addNameRange     '0.30.1',
25 silly addNameRange     '0.31.0',
25 silly addNameRange     '0.32.0',
25 silly addNameRange     '0.32.1',
25 silly addNameRange     '0.33.0',
25 silly addNameRange     '0.33.1',
25 silly addNameRange     '0.34.0',
25 silly addNameRange     '0.34.1',
25 silly addNameRange     '0.35.0',
25 silly addNameRange     '0.35.1',
25 silly addNameRange     '0.36.0',
25 silly addNameRange     '0.36.1',
25 silly addNameRange     '0.37.0',
25 silly addNameRange     '0.38.0',
25 silly addNameRange     '0.39.0',
25 silly addNameRange     '0.39.1',
25 silly addNameRange     '0.39.2',
25 silly addNameRange     '0.39.3',
25 silly addNameRange     '0.39.4',
25 silly addNameRange     '0.40.0',
25 silly addNameRange     '0.40.1',
25 silly addNameRange     '0.40.2',
25 silly addNameRange     '0.40.3',
25 silly addNameRange     '0.41.0',
25 silly addNameRange     '0.41.1',
25 silly addNameRange     '0.41.2',
25 silly addNameRange     '0.41.3',
25 silly addNameRange     '0.42.0',
25 silly addNameRange     '0.42.1',
25 silly addNameRange     '0.42.2',
25 silly addNameRange     '0.42.3',
25 silly addNameRange     '0.43.0',
25 silly addNameRange     '0.44.0-beta',
25 silly addNameRange     '0.43.1',
25 silly addNameRange     '0.44.0-beta2',
25 silly addNameRange     '0.44.0-beta3',
25 silly addNameRange     '0.44.0',
25 silly addNameRange     '0.45.0',
25 silly addNameRange     '0.45.1',
25 silly addNameRange     '0.46.0',
25 silly addNameRange     '0.46.1',
25 silly addNameRange     '0.46.2',
25 silly addNameRange     '0.46.3' ] ]
26 verbose addNamed [ 'stylus', '0.46.3' ]
27 verbose addNamed [ '0.46.3', '0.46.3' ]
28 silly lockFile bb84439d-stylus-0-46-3 stylus@0.46.3
29 verbose lock stylus@0.46.3 /Users/robertlum/.npm/bb84439d-stylus-0-46-3.lock
30 silly lockFile bb84439d-stylus-0-46-3 stylus@0.46.3
31 silly lockFile bb84439d-stylus-0-46-3 stylus@0.46.3
32 silly lockFile 5140332e-stylus stylus@
33 silly lockFile 5140332e-stylus stylus@
34 error Error: EACCES, open '/Users/robertlum/.npm/stylus/0.46.3/package/package.json'
34 error  { [Error: EACCES, open '/Users/robertlum/.npm/stylus/0.46.3/package/package.json']
34 error   errno: 3,
34 error   code: 'EACCES',
34 error   path: '/Users/robertlum/.npm/stylus/0.46.3/package/package.json' }
35 error Please try running this command again as root/Administrator.
36 error System Darwin 12.5.0
37 error command "node" "/usr/local/bin/npm" "install" "stylus" "-g"
38 error cwd /Users/robertlum/naphi
39 error node -v v0.10.29
40 error npm -v 1.4.14
41 error path /Users/robertlum/.npm/stylus/0.46.3/package/package.json
42 error code EACCES
43 error errno 3
44 error stack Error: EACCES, open '/Users/robertlum/.npm/stylus/0.46.3/package/package.json'
45 verbose exit [ 3, true ]
